Using pre-set license
Built from '2020.3/staging' branch; Version is '2020.3.18f1 (a7d1c678663c) revision 10998214'; Using compiler version '192528614'; Build Type 'Release'
OS: 'Windows 10 Pro; OS build 19042.1237; Version 2009; 64bit' Language: 'es' Physical Memory: 16313 MB
BatchMode: 1, IsHumanControllingUs: 0, StartBugReporterOnCrash: 0, Is64bit: 1, IsPro: 0

COMMAND LINE ARGUMENTS:
E:\Unity\Installations\2020.3.18f1\Editor\Unity.exe
-adb2
-batchMode
-noUpm
-name
AssetImportWorker0
-projectPath
E:/Ivan/TpDise単o1/Dise-o2021
-logFile
Logs/AssetImportWorker0.log
-srvPort
51481
Successfully changed project path to: E:/Ivan/TpDise単o1/Dise-o2021
E:/Ivan/TpDise単o1/Dise-o2021
Using Asset Import Pipeline V2.
Refreshing native plugins compatible for Editor in 53.83 ms, found 2 plugins.
Preloading 0 native plugins for Editor in 0.00 ms.
Initialize engine version: 2020.3.18f1 (a7d1c678663c)
[Subsystems] Discovering subsystems at path E:/Unity/Installations/2020.3.18f1/Editor/Data/Resources/UnitySubsystems
[Subsystems] Discovering subsystems at path E:/Ivan/TpDise単o1/Dise-o2021/Assets
GfxDevice: creating device client; threaded=0
Direct3D:
    Version:  Direct3D 11.0 [level 11.1]
    Renderer: NVIDIA GeForce GTX 1050 Ti (ID=0x1c82)
    Vendor:   
    VRAM:     4018 MB
    Driver:   27.21.14.6677
Initialize mono
Mono path[0] = 'E:/Unity/Installations/2020.3.18f1/Editor/Data/Managed'
Mono path[1] = 'E:/Unity/Installations/2020.3.18f1/Editor/Data/MonoBleedingEdge/lib/mono/unityjit'
Mono config path = 'E:/Unity/Installations/2020.3.18f1/Editor/Data/MonoBleedingEdge/etc'
Using monoOptions --debugger-agent=transport=dt_socket,embedding=1,server=y,suspend=n,address=127.0.0.1:56184
Begin MonoManager ReloadAssembly
Registering precompiled unity dll's ...
Register platform support module: E:/Unity/Installations/2020.3.18f1/Editor/Data/PlaybackEngines/WindowsStandaloneSupport/UnityEditor.WindowsStandalone.Extensions.dll
Registered in 0.001934 seconds.
Native extension for WindowsStandalone target not found
Refreshing native plugins compatible for Editor in 51.23 ms, found 2 plugins.
Preloading 0 native plugins for Editor in 0.00 ms.
Mono: successfully reloaded assembly
- Completed reload, in  1.370 seconds
Domain Reload Profiling:
	ReloadAssembly (1371ms)
		BeginReloadAssembly (81ms)
			ExecutionOrderSort (0ms)
			DisableScriptedObjects (0ms)
			BackupInstance (0ms)
			ReleaseScriptingObjects (0ms)
			CreateAndSetChildDomain (1ms)
		EndReloadAssembly (561ms)
			LoadAssemblies (80ms)
			RebuildTransferFunctionScriptingTraits (0ms)
			SetupTypeCache (208ms)
			ReleaseScriptCaches (0ms)
			RebuildScriptCaches (41ms)
			SetupLoadedEditorAssemblies (221ms)
				LogAssemblyErrors (0ms)
				InitializePlatformSupportModulesInManaged (5ms)
				SetLoadedEditorAssemblies (0ms)
				RefreshPlugins (52ms)
				BeforeProcessingInitializeOnLoad (11ms)
				ProcessInitializeOnLoadAttributes (110ms)
				ProcessInitializeOnLoadMethodAttributes (41ms)
				AfterProcessingInitializeOnLoad (0ms)
				EditorAssembliesLoaded (0ms)
			ExecutionOrderSort2 (0ms)
			AwakeInstancesAfterBackupRestoration (0ms)
Platform modules already initialized, skipping
Registering precompiled user dll's ...
Registered in 0.004800 seconds.
Begin MonoManager ReloadAssembly
Native extension for WindowsStandalone target not found
Refreshing native plugins compatible for Editor in 0.52 ms, found 2 plugins.
Preloading 0 native plugins for Editor in 0.00 ms.
Mono: successfully reloaded assembly
- Completed reload, in  1.337 seconds
Domain Reload Profiling:
	ReloadAssembly (1343ms)
		BeginReloadAssembly (203ms)
			ExecutionOrderSort (0ms)
			DisableScriptedObjects (7ms)
			BackupInstance (0ms)
			ReleaseScriptingObjects (0ms)
			CreateAndSetChildDomain (24ms)
		EndReloadAssembly (1063ms)
			LoadAssemblies (123ms)
			RebuildTransferFunctionScriptingTraits (0ms)
			SetupTypeCache (374ms)
			ReleaseScriptCaches (1ms)
			RebuildScriptCaches (64ms)
			SetupLoadedEditorAssemblies (383ms)
				LogAssemblyErrors (0ms)
				InitializePlatformSupportModulesInManaged (7ms)
				SetLoadedEditorAssemblies (1ms)
				RefreshPlugins (1ms)
				BeforeProcessingInitializeOnLoad (65ms)
				ProcessInitializeOnLoadAttributes (299ms)
				ProcessInitializeOnLoadMethodAttributes (6ms)
				AfterProcessingInitializeOnLoad (3ms)
				EditorAssembliesLoaded (0ms)
			ExecutionOrderSort2 (0ms)
			AwakeInstancesAfterBackupRestoration (10ms)
Platform modules already initialized, skipping
========================================================================
Worker process is ready to serve import requests
Launched and connected shader compiler UnityShaderCompiler.exe after 0.07 seconds
Refreshing native plugins compatible for Editor in 0.62 ms, found 2 plugins.
Preloading 0 native plugins for Editor in 0.00 ms.
Unloading 1656 Unused Serialized files (Serialized files now loaded: 0)
System memory in use before: 74.9 MB.
System memory in use after: 75.0 MB.

Unloading 18 unused Assets to reduce memory usage. Loaded Objects now: 2090.
Total: 3.580600 ms (FindLiveObjects: 0.212400 ms CreateObjectMapping: 0.046400 ms MarkObjects: 3.230100 ms  DeleteObjects: 0.090000 ms)

AssetImportParameters requested are different than current active one (requested -> active):
  custom:framework-win-MediaFoundation: 216162199b28c13a410421893ffa2e32 -> 
  custom:video-decoder-ogg-theora: a1e56fd34408186e4bbccfd4996cb3dc -> 
  custom:container-muxer-webm: aa71ff27fc2769a1b78a27578f13a17b -> 
  custom:container-demuxer-webm: 4f35f7cbe854078d1ac9338744f61a02 -> 
  custom:container-demuxer-ogg: 62fdf1f143b41e24485cea50d1cbac27 -> 
  custom:video-encoder-webm-vp8: eb34c28f22e8b96e1ab97ce403110664 -> 
  custom:video-decoder-webm-vp8: 9c59270c3fd7afecdb556c50c9e8de78 -> 
  custom:audio-decoder-ogg-vorbis: bf7c407c2cedff20999df2af8eb42d56 -> 
  custom:audio-encoder-webm-vorbis: bf7c407c2cedff20999df2af8eb42d56 -> 
========================================================================
Received Import Request.
  path: Assets/Scenes/Login.unity
  artifactKey: Guid(068cb1845a775634d9eb5773fe2d3eb3) Importer(815301076,1909f56bfc062723c751e8b465ee728b)
Start importing Assets/Scenes/Login.unity using Guid(068cb1845a775634d9eb5773fe2d3eb3) Importer(815301076,1909f56bfc062723c751e8b465ee728b)  -> (artifact id: '4049490f095362472880bf0c12c71efd') in 0.034834 seconds 
  Import took 0.041007 seconds .

========================================================================
Received Prepare
Registering precompiled user dll's ...
Registered in 0.005595 seconds.
Begin MonoManager ReloadAssembly
Native extension for WindowsStandalone target not found
Refreshing native plugins compatible for Editor in 0.54 ms, found 2 plugins.
Preloading 0 native plugins for Editor in 0.00 ms.
Mono: successfully reloaded assembly
- Completed reload, in  1.280 seconds
Domain Reload Profiling:
	ReloadAssembly (1281ms)
		BeginReloadAssembly (145ms)
			ExecutionOrderSort (0ms)
			DisableScriptedObjects (6ms)
			BackupInstance (0ms)
			ReleaseScriptingObjects (0ms)
			CreateAndSetChildDomain (42ms)
		EndReloadAssembly (1054ms)
			LoadAssemblies (125ms)
			RebuildTransferFunctionScriptingTraits (0ms)
			SetupTypeCache (380ms)
			ReleaseScriptCaches (1ms)
			RebuildScriptCaches (54ms)
			SetupLoadedEditorAssemblies (369ms)
				LogAssemblyErrors (0ms)
				InitializePlatformSupportModulesInManaged (6ms)
				SetLoadedEditorAssemblies (1ms)
				RefreshPlugins (1ms)
				BeforeProcessingInitializeOnLoad (60ms)
				ProcessInitializeOnLoadAttributes (290ms)
				ProcessInitializeOnLoadMethodAttributes (6ms)
				AfterProcessingInitializeOnLoad (4ms)
				EditorAssembliesLoaded (0ms)
			ExecutionOrderSort2 (0ms)
			AwakeInstancesAfterBackupRestoration (9ms)
Platform modules already initialized, skipping
Refreshing native plugins compatible for Editor in 0.95 ms, found 2 plugins.
Preloading 0 native plugins for Editor in 0.00 ms.
Unloading 1637 Unused Serialized files (Serialized files now loaded: 0)
System memory in use before: 73.5 MB.
System memory in use after: 73.6 MB.

Unloading 13 unused Assets to reduce memory usage. Loaded Objects now: 2092.
Total: 3.854600 ms (FindLiveObjects: 0.265700 ms CreateObjectMapping: 0.048800 ms MarkObjects: 3.492500 ms  DeleteObjects: 0.045100 ms)

AssetImportParameters requested are different than current active one (requested -> active):
  custom:framework-win-MediaFoundation: 216162199b28c13a410421893ffa2e32 -> 
  custom:video-decoder-ogg-theora: a1e56fd34408186e4bbccfd4996cb3dc -> 
  custom:container-muxer-webm: aa71ff27fc2769a1b78a27578f13a17b -> 
  custom:container-demuxer-webm: 4f35f7cbe854078d1ac9338744f61a02 -> 
  custom:container-demuxer-ogg: 62fdf1f143b41e24485cea50d1cbac27 -> 
  custom:video-encoder-webm-vp8: eb34c28f22e8b96e1ab97ce403110664 -> 
  custom:video-decoder-webm-vp8: 9c59270c3fd7afecdb556c50c9e8de78 -> 
  custom:audio-decoder-ogg-vorbis: bf7c407c2cedff20999df2af8eb42d56 -> 
  custom:audio-encoder-webm-vorbis: bf7c407c2cedff20999df2af8eb42d56 -> 
========================================================================
Received Import Request.
  Time since last request: 55.317957 seconds.
  path: Assets/Scenes/Matrix.unity
  artifactKey: Guid(0bce5907d797a4cd8b0660dc119867e8) Importer(815301076,1909f56bfc062723c751e8b465ee728b)
Start importing Assets/Scenes/Matrix.unity using Guid(0bce5907d797a4cd8b0660dc119867e8) Importer(815301076,1909f56bfc062723c751e8b465ee728b)  -> (artifact id: '02a819f5df5c61660b5b994bffb5a5e8') in 0.016114 seconds 
  Import took 0.040518 seconds .

========================================================================
Received Import Request.
  Time since last request: 22.807163 seconds.
  path: Assets/Scripts/ActionOraculo.cs
  artifactKey: Guid(552b630116ce78a4eaa465ef740f6354) Importer(815301076,1909f56bfc062723c751e8b465ee728b)
Start importing Assets/Scripts/ActionOraculo.cs using Guid(552b630116ce78a4eaa465ef740f6354) Importer(815301076,1909f56bfc062723c751e8b465ee728b)  -> (artifact id: '7fab5c51aae588f6b4b54bc95557c483') in 0.037421 seconds 
  Import took 0.043116 seconds .

========================================================================
Received Import Request.
  Time since last request: 6.771947 seconds.
  path: Assets/Scripts/Controlador.cs
  artifactKey: Guid(13bd438885dd2884690c7b218255feac) Importer(815301076,1909f56bfc062723c751e8b465ee728b)
Start importing Assets/Scripts/Controlador.cs using Guid(13bd438885dd2884690c7b218255feac) Importer(815301076,1909f56bfc062723c751e8b465ee728b)  -> (artifact id: 'e690a2c6829e3f5e4c4ad2e2f1460764') in 0.003291 seconds 
  Import took 0.010485 seconds .

========================================================================
Received Prepare
Registering precompiled user dll's ...
Registered in 0.004914 seconds.
Begin MonoManager ReloadAssembly
Native extension for WindowsStandalone target not found
Refreshing native plugins compatible for Editor in 0.55 ms, found 2 plugins.
Preloading 0 native plugins for Editor in 0.00 ms.
Mono: successfully reloaded assembly
- Completed reload, in  1.233 seconds
Domain Reload Profiling:
	ReloadAssembly (1234ms)
		BeginReloadAssembly (137ms)
			ExecutionOrderSort (0ms)
			DisableScriptedObjects (6ms)
			BackupInstance (0ms)
			ReleaseScriptingObjects (0ms)
			CreateAndSetChildDomain (41ms)
		EndReloadAssembly (1008ms)
			LoadAssemblies (121ms)
			RebuildTransferFunctionScriptingTraits (0ms)
			SetupTypeCache (368ms)
			ReleaseScriptCaches (1ms)
			RebuildScriptCaches (49ms)
			SetupLoadedEditorAssemblies (350ms)
				LogAssemblyErrors (0ms)
				InitializePlatformSupportModulesInManaged (6ms)
				SetLoadedEditorAssemblies (1ms)
				RefreshPlugins (1ms)
				BeforeProcessingInitializeOnLoad (58ms)
				ProcessInitializeOnLoadAttributes (273ms)
				ProcessInitializeOnLoadMethodAttributes (6ms)
				AfterProcessingInitializeOnLoad (4ms)
				EditorAssembliesLoaded (0ms)
			ExecutionOrderSort2 (0ms)
			AwakeInstancesAfterBackupRestoration (10ms)
Platform modules already initialized, skipping
Refreshing native plugins compatible for Editor in 0.52 ms, found 2 plugins.
Preloading 0 native plugins for Editor in 0.00 ms.
Unloading 1638 Unused Serialized files (Serialized files now loaded: 0)
System memory in use before: 73.5 MB.
System memory in use after: 73.7 MB.

Unloading 13 unused Assets to reduce memory usage. Loaded Objects now: 2095.
Total: 4.133600 ms (FindLiveObjects: 0.353100 ms CreateObjectMapping: 0.052100 ms MarkObjects: 3.689000 ms  DeleteObjects: 0.037100 ms)

AssetImportParameters requested are different than current active one (requested -> active):
  custom:framework-win-MediaFoundation: 216162199b28c13a410421893ffa2e32 -> 
  custom:video-decoder-ogg-theora: a1e56fd34408186e4bbccfd4996cb3dc -> 
  custom:container-muxer-webm: aa71ff27fc2769a1b78a27578f13a17b -> 
  custom:container-demuxer-webm: 4f35f7cbe854078d1ac9338744f61a02 -> 
  custom:container-demuxer-ogg: 62fdf1f143b41e24485cea50d1cbac27 -> 
  custom:video-encoder-webm-vp8: eb34c28f22e8b96e1ab97ce403110664 -> 
  custom:video-decoder-webm-vp8: 9c59270c3fd7afecdb556c50c9e8de78 -> 
  custom:audio-decoder-ogg-vorbis: bf7c407c2cedff20999df2af8eb42d56 -> 
  custom:audio-encoder-webm-vorbis: bf7c407c2cedff20999df2af8eb42d56 -> 
========================================================================
Received Import Request.
  Time since last request: 17.416296 seconds.
  path: Assets/Scripts/Controlador.cs
  artifactKey: Guid(13bd438885dd2884690c7b218255feac) Importer(815301076,1909f56bfc062723c751e8b465ee728b)
Start importing Assets/Scripts/Controlador.cs using Guid(13bd438885dd2884690c7b218255feac) Importer(815301076,1909f56bfc062723c751e8b465ee728b)  -> (artifact id: 'b59903ea21710dcaed22c54a5c242337') in 0.007047 seconds 
  Import took 0.013536 seconds .

========================================================================
Received Prepare
Registering precompiled user dll's ...
Registered in 0.004652 seconds.
Begin MonoManager ReloadAssembly
Native extension for WindowsStandalone target not found
Refreshing native plugins compatible for Editor in 0.55 ms, found 2 plugins.
Preloading 0 native plugins for Editor in 0.00 ms.
Mono: successfully reloaded assembly
- Completed reload, in  1.286 seconds
Domain Reload Profiling:
	ReloadAssembly (1333ms)
		BeginReloadAssembly (196ms)
			ExecutionOrderSort (0ms)
			DisableScriptedObjects (6ms)
			BackupInstance (0ms)
			ReleaseScriptingObjects (0ms)
			CreateAndSetChildDomain (40ms)
		EndReloadAssembly (1053ms)
			LoadAssemblies (129ms)
			RebuildTransferFunctionScriptingTraits (0ms)
			SetupTypeCache (372ms)
			ReleaseScriptCaches (1ms)
			RebuildScriptCaches (49ms)
			SetupLoadedEditorAssemblies (389ms)
				LogAssemblyErrors (0ms)
				InitializePlatformSupportModulesInManaged (20ms)
				SetLoadedEditorAssemblies (1ms)
				RefreshPlugins (28ms)
				BeforeProcessingInitializeOnLoad (62ms)
				ProcessInitializeOnLoadAttributes (270ms)
				ProcessInitializeOnLoadMethodAttributes (6ms)
				AfterProcessingInitializeOnLoad (3ms)
				EditorAssembliesLoaded (0ms)
			ExecutionOrderSort2 (0ms)
			AwakeInstancesAfterBackupRestoration (9ms)
Platform modules already initialized, skipping
Refreshing native plugins compatible for Editor in 0.53 ms, found 2 plugins.
Preloading 0 native plugins for Editor in 0.00 ms.
Unloading 1638 Unused Serialized files (Serialized files now loaded: 0)
System memory in use before: 73.6 MB.
System memory in use after: 73.7 MB.

Unloading 13 unused Assets to reduce memory usage. Loaded Objects now: 2097.
Total: 4.404700 ms (FindLiveObjects: 0.229100 ms CreateObjectMapping: 0.049600 ms MarkObjects: 4.087800 ms  DeleteObjects: 0.036100 ms)

AssetImportParameters requested are different than current active one (requested -> active):
  custom:framework-win-MediaFoundation: 216162199b28c13a410421893ffa2e32 -> 
  custom:video-decoder-ogg-theora: a1e56fd34408186e4bbccfd4996cb3dc -> 
  custom:container-muxer-webm: aa71ff27fc2769a1b78a27578f13a17b -> 
  custom:container-demuxer-webm: 4f35f7cbe854078d1ac9338744f61a02 -> 
  custom:container-demuxer-ogg: 62fdf1f143b41e24485cea50d1cbac27 -> 
  custom:video-encoder-webm-vp8: eb34c28f22e8b96e1ab97ce403110664 -> 
  custom:video-decoder-webm-vp8: 9c59270c3fd7afecdb556c50c9e8de78 -> 
  custom:audio-decoder-ogg-vorbis: bf7c407c2cedff20999df2af8eb42d56 -> 
  custom:audio-encoder-webm-vorbis: bf7c407c2cedff20999df2af8eb42d56 -> 
========================================================================
Received Prepare
Registering precompiled user dll's ...
Registered in 0.005105 seconds.
Begin MonoManager ReloadAssembly
Native extension for WindowsStandalone target not found
Refreshing native plugins compatible for Editor in 0.54 ms, found 2 plugins.
Preloading 0 native plugins for Editor in 0.00 ms.
Mono: successfully reloaded assembly
- Completed reload, in  1.242 seconds
Domain Reload Profiling:
	ReloadAssembly (1243ms)
		BeginReloadAssembly (143ms)
			ExecutionOrderSort (0ms)
			DisableScriptedObjects (6ms)
			BackupInstance (0ms)
			ReleaseScriptingObjects (0ms)
			CreateAndSetChildDomain (38ms)
		EndReloadAssembly (1016ms)
			LoadAssemblies (127ms)
			RebuildTransferFunctionScriptingTraits (0ms)
			SetupTypeCache (371ms)
			ReleaseScriptCaches (1ms)
			RebuildScriptCaches (53ms)
			SetupLoadedEditorAssemblies (354ms)
				LogAssemblyErrors (0ms)
				InitializePlatformSupportModulesInManaged (22ms)
				SetLoadedEditorAssemblies (1ms)
				RefreshPlugins (1ms)
				BeforeProcessingInitializeOnLoad (59ms)
				ProcessInitializeOnLoadAttributes (260ms)
				ProcessInitializeOnLoadMethodAttributes (5ms)
				AfterProcessingInitializeOnLoad (4ms)
				EditorAssembliesLoaded (0ms)
			ExecutionOrderSort2 (0ms)
			AwakeInstancesAfterBackupRestoration (9ms)
Platform modules already initialized, skipping
Refreshing native plugins compatible for Editor in 0.76 ms, found 2 plugins.
Preloading 0 native plugins for Editor in 0.00 ms.
Unloading 1642 Unused Serialized files (Serialized files now loaded: 0)
System memory in use before: 73.7 MB.
System memory in use after: 73.8 MB.

Unloading 13 unused Assets to reduce memory usage. Loaded Objects now: 2103.
Total: 3.562200 ms (FindLiveObjects: 0.217200 ms CreateObjectMapping: 0.048400 ms MarkObjects: 3.267500 ms  DeleteObjects: 0.027700 ms)

AssetImportParameters requested are different than current active one (requested -> active):
  custom:framework-win-MediaFoundation: 216162199b28c13a410421893ffa2e32 -> 
  custom:video-decoder-ogg-theora: a1e56fd34408186e4bbccfd4996cb3dc -> 
  custom:container-muxer-webm: aa71ff27fc2769a1b78a27578f13a17b -> 
  custom:container-demuxer-webm: 4f35f7cbe854078d1ac9338744f61a02 -> 
  custom:container-demuxer-ogg: 62fdf1f143b41e24485cea50d1cbac27 -> 
  custom:video-encoder-webm-vp8: eb34c28f22e8b96e1ab97ce403110664 -> 
  custom:video-decoder-webm-vp8: 9c59270c3fd7afecdb556c50c9e8de78 -> 
  custom:audio-decoder-ogg-vorbis: bf7c407c2cedff20999df2af8eb42d56 -> 
  custom:audio-encoder-webm-vorbis: bf7c407c2cedff20999df2af8eb42d56 -> 
========================================================================
Received Import Request.
  Time since last request: 82.302144 seconds.
  path: Assets/Prefabs/UserBubble.prefab
  artifactKey: Guid(fd91fd339b9be13429e6f6259b60b123) Importer(815301076,1909f56bfc062723c751e8b465ee728b)
Start importing Assets/Prefabs/UserBubble.prefab using Guid(fd91fd339b9be13429e6f6259b60b123) Importer(815301076,1909f56bfc062723c751e8b465ee728b)  -> (artifact id: 'd93c82cac998a92cc6083798f1f89308') in 0.073590 seconds 
  Import took 0.080249 seconds .

========================================================================
Received Import Request.
  Time since last request: 0.000572 seconds.
  path: Assets/Prefabs/BotBubble.prefab
  artifactKey: Guid(3e54861986aa02a409c435075c299997) Importer(815301076,1909f56bfc062723c751e8b465ee728b)
Start importing Assets/Prefabs/BotBubble.prefab using Guid(3e54861986aa02a409c435075c299997) Importer(815301076,1909f56bfc062723c751e8b465ee728b)  -> (artifact id: '6d5634c669064e864230bfb5060206e0') in 0.007274 seconds 
  Import took 0.013458 seconds .

========================================================================
Received Import Request.
  Time since last request: 0.292161 seconds.
  path: Assets/Scenes/SampleScene.unity
  artifactKey: Guid(7c7ea16827cab024586ec8586b27e28f) Importer(815301076,1909f56bfc062723c751e8b465ee728b)
Start importing Assets/Scenes/SampleScene.unity using Guid(7c7ea16827cab024586ec8586b27e28f) Importer(815301076,1909f56bfc062723c751e8b465ee728b)  -> (artifact id: '12fb872686d95404d5363355f495282a') in 0.003908 seconds 
  Import took 0.010076 seconds .

========================================================================
Received Import Request.
  Time since last request: 5.019633 seconds.
  path: Assets/Prefabs/Canvas.prefab
  artifactKey: Guid(8e36a3bc0a2385642a6c6e63f2c495a4) Importer(815301076,1909f56bfc062723c751e8b465ee728b)
Start importing Assets/Prefabs/Canvas.prefab using Guid(8e36a3bc0a2385642a6c6e63f2c495a4) Importer(815301076,1909f56bfc062723c751e8b465ee728b)  -> (artifact id: '2aab8fb12985feecd203ac4db1e0ab6a') in 0.065288 seconds 
  Import took 0.072430 seconds .

========================================================================
Received Import Request.
  Time since last request: 1.666153 seconds.
  path: Assets/Prefabs/GameManager.prefab
  artifactKey: Guid(665eb864ea2e2db4a86866e8db9c46cf) Importer(815301076,1909f56bfc062723c751e8b465ee728b)
Start importing Assets/Prefabs/GameManager.prefab using Guid(665eb864ea2e2db4a86866e8db9c46cf) Importer(815301076,1909f56bfc062723c751e8b465ee728b)  -> (artifact id: '266619f45e9a5f1046ec6b750e27d987') in 0.008423 seconds 
  Import took 0.014895 seconds .

========================================================================
Received Import Request.
  Time since last request: 5.618301 seconds.
  path: Assets/Scenes/Matrix.unity
  artifactKey: Guid(0bce5907d797a4cd8b0660dc119867e8) Importer(815301076,1909f56bfc062723c751e8b465ee728b)
Start importing Assets/Scenes/Matrix.unity using Guid(0bce5907d797a4cd8b0660dc119867e8) Importer(815301076,1909f56bfc062723c751e8b465ee728b)  -> (artifact id: 'ea57ab5a6984ad0e70c88fd310193226') in 0.003818 seconds 
  Import took 0.010233 seconds .

========================================================================
Received Prepare
Registering precompiled user dll's ...
Registered in 0.005014 seconds.
Begin MonoManager ReloadAssembly
Native extension for WindowsStandalone target not found
Refreshing native plugins compatible for Editor in 0.55 ms, found 2 plugins.
Preloading 0 native plugins for Editor in 0.00 ms.
Mono: successfully reloaded assembly
- Completed reload, in  1.200 seconds
Domain Reload Profiling:
	ReloadAssembly (1201ms)
		BeginReloadAssembly (140ms)
			ExecutionOrderSort (0ms)
			DisableScriptedObjects (6ms)
			BackupInstance (0ms)
			ReleaseScriptingObjects (0ms)
			CreateAndSetChildDomain (41ms)
		EndReloadAssembly (984ms)
			LoadAssemblies (120ms)
			RebuildTransferFunctionScriptingTraits (0ms)
			SetupTypeCache (358ms)
			ReleaseScriptCaches (1ms)
			RebuildScriptCaches (50ms)
			SetupLoadedEditorAssemblies (341ms)
				LogAssemblyErrors (0ms)
				InitializePlatformSupportModulesInManaged (6ms)
				SetLoadedEditorAssemblies (1ms)
				RefreshPlugins (1ms)
				BeforeProcessingInitializeOnLoad (58ms)
				ProcessInitializeOnLoadAttributes (266ms)
				ProcessInitializeOnLoadMethodAttributes (6ms)
				AfterProcessingInitializeOnLoad (4ms)
				EditorAssembliesLoaded (0ms)
			ExecutionOrderSort2 (0ms)
			AwakeInstancesAfterBackupRestoration (9ms)
Platform modules already initialized, skipping
Refreshing native plugins compatible for Editor in 0.62 ms, found 2 plugins.
Preloading 0 native plugins for Editor in 0.00 ms.
Unloading 1642 Unused Serialized files (Serialized files now loaded: 0)
System memory in use before: 73.8 MB.
System memory in use after: 73.9 MB.

Unloading 17 unused Assets to reduce memory usage. Loaded Objects now: 2107.
Total: 3.613700 ms (FindLiveObjects: 0.223800 ms CreateObjectMapping: 0.045900 ms MarkObjects: 3.304800 ms  DeleteObjects: 0.037000 ms)

AssetImportParameters requested are different than current active one (requested -> active):
  custom:framework-win-MediaFoundation: 216162199b28c13a410421893ffa2e32 -> 
  custom:video-decoder-ogg-theora: a1e56fd34408186e4bbccfd4996cb3dc -> 
  custom:container-muxer-webm: aa71ff27fc2769a1b78a27578f13a17b -> 
  custom:container-demuxer-webm: 4f35f7cbe854078d1ac9338744f61a02 -> 
  custom:container-demuxer-ogg: 62fdf1f143b41e24485cea50d1cbac27 -> 
  custom:video-encoder-webm-vp8: eb34c28f22e8b96e1ab97ce403110664 -> 
  custom:video-decoder-webm-vp8: 9c59270c3fd7afecdb556c50c9e8de78 -> 
  custom:audio-decoder-ogg-vorbis: bf7c407c2cedff20999df2af8eb42d56 -> 
  custom:audio-encoder-webm-vorbis: bf7c407c2cedff20999df2af8eb42d56 -> 
========================================================================
Received Import Request.
  Time since last request: 196.112199 seconds.
  path: Assets/Prefabs/Canvas.prefab
  artifactKey: Guid(8e36a3bc0a2385642a6c6e63f2c495a4) Importer(815301076,1909f56bfc062723c751e8b465ee728b)
Start importing Assets/Prefabs/Canvas.prefab using Guid(8e36a3bc0a2385642a6c6e63f2c495a4) Importer(815301076,1909f56bfc062723c751e8b465ee728b)  -> (artifact id: '6410d46167bfe54139490da4f587146a') in 0.069823 seconds 
  Import took 0.076466 seconds .

========================================================================
Received Import Request.
  Time since last request: 0.672581 seconds.
  path: Assets/Prefabs/Canvas.prefab
  artifactKey: Guid(8e36a3bc0a2385642a6c6e63f2c495a4) Importer(815301076,1909f56bfc062723c751e8b465ee728b)
Start importing Assets/Prefabs/Canvas.prefab using Guid(8e36a3bc0a2385642a6c6e63f2c495a4) Importer(815301076,1909f56bfc062723c751e8b465ee728b)  -> (artifact id: 'e992f9ff16962005831df6f2abc0ce69') in 0.007113 seconds 
  Import took 0.025011 seconds .

========================================================================
Received Import Request.
  Time since last request: 2.000360 seconds.
  path: Assets/Prefabs/Canvas.prefab
  artifactKey: Guid(8e36a3bc0a2385642a6c6e63f2c495a4) Importer(815301076,1909f56bfc062723c751e8b465ee728b)
Start importing Assets/Prefabs/Canvas.prefab using Guid(8e36a3bc0a2385642a6c6e63f2c495a4) Importer(815301076,1909f56bfc062723c751e8b465ee728b)  -> (artifact id: '87505a19cdbbf793799f6a428ac73d89') in 0.007541 seconds 
  Import took 0.014014 seconds .

========================================================================
Received Import Request.
  Time since last request: 1.906357 seconds.
  path: Assets/Prefabs/Canvas.prefab
  artifactKey: Guid(8e36a3bc0a2385642a6c6e63f2c495a4) Importer(815301076,1909f56bfc062723c751e8b465ee728b)
Start importing Assets/Prefabs/Canvas.prefab using Guid(8e36a3bc0a2385642a6c6e63f2c495a4) Importer(815301076,1909f56bfc062723c751e8b465ee728b)  -> (artifact id: '8f9aaa7cca947212fc0db93e7fcbe6b9') in 0.007287 seconds 
  Import took 0.013907 seconds .

========================================================================
Received Import Request.
  Time since last request: 4.247905 seconds.
  path: Assets/Prefabs/Canvas.prefab
  artifactKey: Guid(8e36a3bc0a2385642a6c6e63f2c495a4) Importer(815301076,1909f56bfc062723c751e8b465ee728b)
Start importing Assets/Prefabs/Canvas.prefab using Guid(8e36a3bc0a2385642a6c6e63f2c495a4) Importer(815301076,1909f56bfc062723c751e8b465ee728b)  -> (artifact id: '4a9bb402149a801c9d2430e99891ce3f') in 0.007190 seconds 
  Import took 0.013750 seconds .

========================================================================
Received Import Request.
  Time since last request: 13.501699 seconds.
  path: Assets/Prefabs/Canvas.prefab
  artifactKey: Guid(8e36a3bc0a2385642a6c6e63f2c495a4) Importer(815301076,1909f56bfc062723c751e8b465ee728b)
Start importing Assets/Prefabs/Canvas.prefab using Guid(8e36a3bc0a2385642a6c6e63f2c495a4) Importer(815301076,1909f56bfc062723c751e8b465ee728b)  -> (artifact id: '463d5e22d72bb1a7870736c0d084795e') in 0.008479 seconds 
  Import took 0.015289 seconds .

========================================================================
Received Import Request.
  Time since last request: 101.993134 seconds.
  path: Assets/Personajes/Principales/Neo/SAnimaciones/NeoController.controller
  artifactKey: Guid(902ec04ac2a976c47b13be78c6cb32c9) Importer(815301076,1909f56bfc062723c751e8b465ee728b)
Start importing Assets/Personajes/Principales/Neo/SAnimaciones/NeoController.controller using Guid(902ec04ac2a976c47b13be78c6cb32c9) Importer(815301076,1909f56bfc062723c751e8b465ee728b)  -> (artifact id: '666fadc159bfd7cc89c2a298b537c770') in 0.863656 seconds 
  Import took 0.891122 seconds .

========================================================================
Received Import Request.
  Time since last request: 2.707609 seconds.
  path: Assets/Personajes/Principales/Neo/SAnimaciones/Walking.anim
  artifactKey: Guid(db8efc72fe69dd142b52a121bd0dcc84) Importer(815301076,1909f56bfc062723c751e8b465ee728b)
Start importing Assets/Personajes/Principales/Neo/SAnimaciones/Walking.anim using Guid(db8efc72fe69dd142b52a121bd0dcc84) Importer(815301076,1909f56bfc062723c751e8b465ee728b)  -> (artifact id: '021f9f00af69d7e5eab9bbcae3ecaeae') in 0.060471 seconds 
  Import took 0.089732 seconds .

========================================================================
Received Import Request.
  Time since last request: 0.007143 seconds.
  path: Assets/Personajes/Principales/Neo/SAnimaciones/Walking.anim
  artifactKey: Guid(db8efc72fe69dd142b52a121bd0dcc84) Importer(815301076,1909f56bfc062723c751e8b465ee728b)
Start importing Assets/Personajes/Principales/Neo/SAnimaciones/Walking.anim using Guid(db8efc72fe69dd142b52a121bd0dcc84) Importer(815301076,1909f56bfc062723c751e8b465ee728b)  -> (artifact id: '021f9f00af69d7e5eab9bbcae3ecaeae') in 0.039575 seconds 
  Import took 0.081625 seconds .

========================================================================
Received Import Request.
  Time since last request: 20.472326 seconds.
  path: Assets/Personajes/Principales/Neo/Neo_Aenteras/Neo.fbx
  artifactKey: Guid(25549dc3b03082a43998a22c2ecdc97d) Importer(815301076,1909f56bfc062723c751e8b465ee728b)
Start importing Assets/Personajes/Principales/Neo/Neo_Aenteras/Neo.fbx using Guid(25549dc3b03082a43998a22c2ecdc97d) Importer(815301076,1909f56bfc062723c751e8b465ee728b)  -> (artifact id: '9755c72ed2ab462c80b7fdd3c72353a9') in 0.619439 seconds 
  Import took 0.626708 seconds .

========================================================================
Received Import Request.
  Time since last request: 0.000773 seconds.
  path: Assets/Personajes/Principales/Neo/Neo_Aenteras/Zombie Idle.fbx
  artifactKey: Guid(c469c6461b8447f4181d6264d9cbc699) Importer(815301076,1909f56bfc062723c751e8b465ee728b)
Start importing Assets/Personajes/Principales/Neo/Neo_Aenteras/Zombie Idle.fbx using Guid(c469c6461b8447f4181d6264d9cbc699) Importer(815301076,1909f56bfc062723c751e8b465ee728b)  -> (artifact id: '62049e874ae3b843001cc9bcf74bee4f') in 0.247098 seconds 
  Import took 0.254121 seconds .

========================================================================
Received Import Request.
  Time since last request: 0.000694 seconds.
  path: Assets/Personajes/Principales/Neo/Neo_Aenteras/Neo@Left Turn W_ Briefcase.fbx
  artifactKey: Guid(dc2df146a6d80ce4bb5b7bb26c73fe4d) Importer(815301076,1909f56bfc062723c751e8b465ee728b)
Start importing Assets/Personajes/Principales/Neo/Neo_Aenteras/Neo@Left Turn W_ Briefcase.fbx using Guid(dc2df146a6d80ce4bb5b7bb26c73fe4d) Importer(815301076,1909f56bfc062723c751e8b465ee728b)  -> (artifact id: '469faffdaad8bdb42c5460449ca1a566') in 0.216423 seconds 
  Import took 0.229432 seconds .

========================================================================
Received Import Request.
  Time since last request: 0.000618 seconds.
  path: Assets/Personajes/Principales/Neo/Neo_Aenteras/Neo@Walking.fbx
  artifactKey: Guid(21e1bcb52ab453740936bbdba1ae3eb2) Importer(815301076,1909f56bfc062723c751e8b465ee728b)
Start importing Assets/Personajes/Principales/Neo/Neo_Aenteras/Neo@Walking.fbx using Guid(21e1bcb52ab453740936bbdba1ae3eb2) Importer(815301076,1909f56bfc062723c751e8b465ee728b)  -> (artifact id: 'e0217e55cbb69cb2226a5483cb59f44b') in 0.208735 seconds 
  Import took 0.216192 seconds .

========================================================================
Received Prepare
Registering precompiled user dll's ...
Registered in 0.005111 seconds.
Begin MonoManager ReloadAssembly
Native extension for WindowsStandalone target not found
Refreshing native plugins compatible for Editor in 0.54 ms, found 2 plugins.
Preloading 0 native plugins for Editor in 0.00 ms.
Mono: successfully reloaded assembly
- Completed reload, in  1.259 seconds
Domain Reload Profiling:
	ReloadAssembly (1260ms)
		BeginReloadAssembly (141ms)
			ExecutionOrderSort (0ms)
			DisableScriptedObjects (6ms)
			BackupInstance (0ms)
			ReleaseScriptingObjects (0ms)
			CreateAndSetChildDomain (39ms)
		EndReloadAssembly (1021ms)
			LoadAssemblies (132ms)
			RebuildTransferFunctionScriptingTraits (0ms)
			SetupTypeCache (379ms)
			ReleaseScriptCaches (1ms)
			RebuildScriptCaches (52ms)
			SetupLoadedEditorAssemblies (337ms)
				LogAssemblyErrors (0ms)
				InitializePlatformSupportModulesInManaged (7ms)
				SetLoadedEditorAssemblies (1ms)
				RefreshPlugins (1ms)
				BeforeProcessingInitializeOnLoad (58ms)
				ProcessInitializeOnLoadAttributes (262ms)
				ProcessInitializeOnLoadMethodAttributes (5ms)
				AfterProcessingInitializeOnLoad (3ms)
				EditorAssembliesLoaded (0ms)
			ExecutionOrderSort2 (0ms)
			AwakeInstancesAfterBackupRestoration (9ms)
Platform modules already initialized, skipping
Refreshing native plugins compatible for Editor in 0.57 ms, found 2 plugins.
Preloading 0 native plugins for Editor in 0.00 ms.
Unloading 1642 Unused Serialized files (Serialized files now loaded: 0)
System memory in use before: 90.9 MB.
System memory in use after: 91.0 MB.

Unloading 17 unused Assets to reduce memory usage. Loaded Objects now: 2153.
Total: 4.382000 ms (FindLiveObjects: 0.393900 ms CreateObjectMapping: 0.069400 ms MarkObjects: 3.873700 ms  DeleteObjects: 0.042300 ms)

AssetImportParameters requested are different than current active one (requested -> active):
  custom:framework-win-MediaFoundation: 216162199b28c13a410421893ffa2e32 -> 
  custom:video-decoder-ogg-theora: a1e56fd34408186e4bbccfd4996cb3dc -> 
  custom:container-muxer-webm: aa71ff27fc2769a1b78a27578f13a17b -> 
  custom:container-demuxer-webm: 4f35f7cbe854078d1ac9338744f61a02 -> 
  custom:container-demuxer-ogg: 62fdf1f143b41e24485cea50d1cbac27 -> 
  custom:video-encoder-webm-vp8: eb34c28f22e8b96e1ab97ce403110664 -> 
  custom:video-decoder-webm-vp8: 9c59270c3fd7afecdb556c50c9e8de78 -> 
  custom:audio-decoder-ogg-vorbis: bf7c407c2cedff20999df2af8eb42d56 -> 
  custom:audio-encoder-webm-vorbis: bf7c407c2cedff20999df2af8eb42d56 -> 
AssetImportWorkerClient::OnTransportError - code=2 error=End of file
